[debug] [2025-12-15T14:41:40.017Z] ----------------------------------------------------------------------
[debug] [2025-12-15T14:41:40.019Z] Command:       C:\nvm4w\nodejs\node.exe C:\Users\andre\Desktop\CODELAB DEV\CODELAB DEV\EVENTIO\web-app\node_modules\firebase-tools\lib\bin\firebase.js deploy --only functions
[debug] [2025-12-15T14:41:40.019Z] CLI Version:   14.6.0
[debug] [2025-12-15T14:41:40.019Z] Platform:      win32
[debug] [2025-12-15T14:41:40.019Z] Node Version:  v22.21.1
[debug] [2025-12-15T14:41:40.019Z] Time:          Mon Dec 15 2025 16:41:40 GMT+0200 (Eastern European Standard Time)
[debug] [2025-12-15T14:41:40.019Z] ----------------------------------------------------------------------
[debug] 
[debug] [2025-12-15T14:41:40.111Z] > command requires scopes: ["email","openid","https://www.googleapis.com/auth/cloudplatformprojects.readonly","https://www.googleapis.com/auth/firebase","https://www.googleapis.com/auth/cloud-platform"]
[debug] [2025-12-15T14:41:40.111Z] > authorizing via signed-in user (contact@planyvite.ro)
[debug] [2025-12-15T14:41:40.111Z] [iam] checking project planyvite-18d36 for permissions ["cloudfunctions.functions.create","cloudfunctions.functions.delete","cloudfunctions.functions.get","cloudfunctions.functions.list","cloudfunctions.functions.update","cloudfunctions.operations.get","firebase.projects.get"]
[debug] [2025-12-15T14:41:40.112Z] Checked if tokens are valid: false, expires at: 1765807556990
[debug] [2025-12-15T14:41:40.112Z] Checked if tokens are valid: false, expires at: 1765807556990
[debug] [2025-12-15T14:41:40.112Z] > refreshing access token with scopes: []
[debug] [2025-12-15T14:41:40.113Z] >>> [apiv2][query] POST https://www.googleapis.com/oauth2/v3/token [none]
[debug] [2025-12-15T14:41:40.113Z] >>> [apiv2][body] POST https://www.googleapis.com/oauth2/v3/token [omitted]
[debug] [2025-12-15T14:41:40.473Z] <<< [apiv2][status] POST https://www.googleapis.com/oauth2/v3/token 200
[debug] [2025-12-15T14:41:40.473Z] <<< [apiv2][body] POST https://www.googleapis.com/oauth2/v3/token [omitted]
[debug] [2025-12-15T14:41:40.476Z] >>> [apiv2][query] POST https://cloudresourcemanager.googleapis.com/v1/projects/planyvite-18d36:testIamPermissions [none]
[debug] [2025-12-15T14:41:40.476Z] >>> [apiv2][(partial)header] POST https://cloudresourcemanager.googleapis.com/v1/projects/planyvite-18d36:testIamPermissions x-goog-quota-user=projects/planyvite-18d36
[debug] [2025-12-15T14:41:40.476Z] >>> [apiv2][body] POST https://cloudresourcemanager.googleapis.com/v1/projects/planyvite-18d36:testIamPermissions {"permissions":["cloudfunctions.functions.create","cloudfunctions.functions.delete","cloudfunctions.functions.get","cloudfunctions.functions.list","cloudfunctions.functions.update","cloudfunctions.operations.get","firebase.projects.get"]}
[debug] [2025-12-15T14:41:41.321Z] <<< [apiv2][status] POST https://cloudresourcemanager.googleapis.com/v1/projects/planyvite-18d36:testIamPermissions 200
[debug] [2025-12-15T14:41:41.321Z] <<< [apiv2][body] POST https://cloudresourcemanager.googleapis.com/v1/projects/planyvite-18d36:testIamPermissions {"permissions":["cloudfunctions.functions.create","cloudfunctions.functions.delete","cloudfunctions.functions.get","cloudfunctions.functions.list","cloudfunctions.functions.update","cloudfunctions.operations.get","firebase.projects.get"]}
[debug] [2025-12-15T14:41:41.321Z] Checked if tokens are valid: true, expires at: 1765813299473
[debug] [2025-12-15T14:41:41.321Z] Checked if tokens are valid: true, expires at: 1765813299473
[debug] [2025-12-15T14:41:41.321Z] >>> [apiv2][query] POST https://iam.googleapis.com/v1/projects/planyvite-18d36/serviceAccounts/planyvite-18d36@appspot.gserviceaccount.com:testIamPermissions [none]
[debug] [2025-12-15T14:41:41.321Z] >>> [apiv2][body] POST https://iam.googleapis.com/v1/projects/planyvite-18d36/serviceAccounts/planyvite-18d36@appspot.gserviceaccount.com:testIamPermissions {"permissions":["iam.serviceAccounts.actAs"]}
[debug] [2025-12-15T14:41:42.194Z] <<< [apiv2][status] POST https://iam.googleapis.com/v1/projects/planyvite-18d36/serviceAccounts/planyvite-18d36@appspot.gserviceaccount.com:testIamPermissions 404
[debug] [2025-12-15T14:41:42.194Z] <<< [apiv2][body] POST https://iam.googleapis.com/v1/projects/planyvite-18d36/serviceAccounts/planyvite-18d36@appspot.gserviceaccount.com:testIamPermissions {"error":{"code":404,"message":"Unknown service account","status":"NOT_FOUND"}}
[debug] [2025-12-15T14:41:42.195Z] [functions] service account IAM check errored, deploy may fail: Request to https://iam.googleapis.com/v1/projects/planyvite-18d36/serviceAccounts/planyvite-18d36@appspot.gserviceaccount.com:testIamPermissions had HTTP Error: 404, Unknown service account {"name":"FirebaseError","children":[],"context":{"body":{"error":{"code":404,"message":"Unknown service account","status":"NOT_FOUND"}},"response":{"statusCode":404}},"exit":1,"message":"Request to https://iam.googleapis.com/v1/projects/planyvite-18d36/serviceAccounts/planyvite-18d36@appspot.gserviceaccount.com:testIamPermissions had HTTP Error: 404, Unknown service account","status":404}
[info] 
[info] === Deploying to 'planyvite-18d36'...
[info] 
[info] i  deploying functions 
[info] Running command: npm --prefix "$RESOURCE_DIR" run lint
[info] Running command: npm --prefix "$RESOURCE_DIR" run build
[info] +  functions: Finished running predeploy script. 
[debug] [2025-12-15T14:41:49.792Z] Checked if tokens are valid: true, expires at: 1765813299473
[debug] [2025-12-15T14:41:49.792Z] Checked if tokens are valid: true, expires at: 1765813299473
[debug] [2025-12-15T14:41:49.792Z] >>> [apiv2][query] GET https://serviceusage.googleapis.com/v1/projects/planyvite-18d36/services/cloudresourcemanager.googleapis.com [none]
[debug] [2025-12-15T14:41:49.792Z] >>> [apiv2][(partial)header] GET https://serviceusage.googleapis.com/v1/projects/planyvite-18d36/services/cloudresourcemanager.googleapis.com x-goog-quota-user=projects/planyvite-18d36
[debug] [2025-12-15T14:41:50.904Z] <<< [apiv2][status] GET https://serviceusage.googleapis.com/v1/projects/planyvite-18d36/services/cloudresourcemanager.googleapis.com 200
[debug] [2025-12-15T14:41:50.904Z] <<< [apiv2][body] GET https://serviceusage.googleapis.com/v1/projects/planyvite-18d36/services/cloudresourcemanager.googleapis.com [omitted]
[debug] [2025-12-15T14:41:50.904Z] Checked if tokens are valid: true, expires at: 1765813299473
[debug] [2025-12-15T14:41:50.905Z] Checked if tokens are valid: true, expires at: 1765813299473
[debug] [2025-12-15T14:41:50.905Z] >>> [apiv2][query] GET https://cloudresourcemanager.googleapis.com/v1/projects/planyvite-18d36 [none]
[debug] [2025-12-15T14:41:51.756Z] <<< [apiv2][status] GET https://cloudresourcemanager.googleapis.com/v1/projects/planyvite-18d36 200
[debug] [2025-12-15T14:41:51.756Z] <<< [apiv2][body] GET https://cloudresourcemanager.googleapis.com/v1/projects/planyvite-18d36 {"projectNumber":"815694596108","projectId":"planyvite-18d36","lifecycleState":"ACTIVE","name":"planyvite","labels":{"firebase":"enabled","firebase-core":"disabled"},"createTime":"2025-03-26T12:46:45.914310Z"}
[info] i  functions: preparing codebase default for deployment 
[info] i  functions: ensuring required API cloudfunctions.googleapis.com is enabled... 
[debug] [2025-12-15T14:41:51.756Z] Checked if tokens are valid: true, expires at: 1765813299473
[debug] [2025-12-15T14:41:51.757Z] Checked if tokens are valid: true, expires at: 1765813299473
[debug] [2025-12-15T14:41:51.757Z] Checked if tokens are valid: true, expires at: 1765813299473
[debug] [2025-12-15T14:41:51.757Z] Checked if tokens are valid: true, expires at: 1765813299473
[info] i  functions: ensuring required API cloudbuild.googleapis.com is enabled... 
[debug] [2025-12-15T14:41:51.757Z] Checked if tokens are valid: true, expires at: 1765813299473
[debug] [2025-12-15T14:41:51.757Z] Checked if tokens are valid: true, expires at: 1765813299473
[info] i  artifactregistry: ensuring required API artifactregistry.googleapis.com is enabled... 
[debug] [2025-12-15T14:41:51.757Z] Checked if tokens are valid: true, expires at: 1765813299473
[debug] [2025-12-15T14:41:51.757Z] Checked if tokens are valid: true, expires at: 1765813299473
[debug] [2025-12-15T14:41:51.757Z] >>> [apiv2][query] GET https://serviceusage.googleapis.com/v1/projects/planyvite-18d36/services/cloudfunctions.googleapis.com [none]
[debug] [2025-12-15T14:41:51.757Z] >>> [apiv2][(partial)header] GET https://serviceusage.googleapis.com/v1/projects/planyvite-18d36/services/cloudfunctions.googleapis.com x-goog-quota-user=projects/planyvite-18d36
[debug] [2025-12-15T14:41:51.758Z] >>> [apiv2][query] GET https://serviceusage.googleapis.com/v1/projects/planyvite-18d36/services/runtimeconfig.googleapis.com [none]
[debug] [2025-12-15T14:41:51.758Z] >>> [apiv2][(partial)header] GET https://serviceusage.googleapis.com/v1/projects/planyvite-18d36/services/runtimeconfig.googleapis.com x-goog-quota-user=projects/planyvite-18d36
[debug] [2025-12-15T14:41:51.759Z] >>> [apiv2][query] GET https://serviceusage.googleapis.com/v1/projects/planyvite-18d36/services/cloudbuild.googleapis.com [none]
[debug] [2025-12-15T14:41:51.759Z] >>> [apiv2][(partial)header] GET https://serviceusage.googleapis.com/v1/projects/planyvite-18d36/services/cloudbuild.googleapis.com x-goog-quota-user=projects/planyvite-18d36
[debug] [2025-12-15T14:41:51.760Z] >>> [apiv2][query] GET https://serviceusage.googleapis.com/v1/projects/planyvite-18d36/services/artifactregistry.googleapis.com [none]
[debug] [2025-12-15T14:41:51.760Z] >>> [apiv2][(partial)header] GET https://serviceusage.googleapis.com/v1/projects/planyvite-18d36/services/artifactregistry.googleapis.com x-goog-quota-user=projects/planyvite-18d36
[debug] [2025-12-15T14:41:52.150Z] <<< [apiv2][status] GET https://serviceusage.googleapis.com/v1/projects/planyvite-18d36/services/cloudfunctions.googleapis.com 200
[debug] [2025-12-15T14:41:52.151Z] <<< [apiv2][body] GET https://serviceusage.googleapis.com/v1/projects/planyvite-18d36/services/cloudfunctions.googleapis.com [omitted]
[info] +  functions: required API cloudfunctions.googleapis.com is enabled 
[debug] [2025-12-15T14:41:52.734Z] <<< [apiv2][status] GET https://serviceusage.googleapis.com/v1/projects/planyvite-18d36/services/runtimeconfig.googleapis.com 200
[debug] [2025-12-15T14:41:52.735Z] <<< [apiv2][body] GET https://serviceusage.googleapis.com/v1/projects/planyvite-18d36/services/runtimeconfig.googleapis.com [omitted]
[debug] [2025-12-15T14:41:52.746Z] <<< [apiv2][status] GET https://serviceusage.googleapis.com/v1/projects/planyvite-18d36/services/cloudbuild.googleapis.com 200
[debug] [2025-12-15T14:41:52.746Z] <<< [apiv2][body] GET https://serviceusage.googleapis.com/v1/projects/planyvite-18d36/services/cloudbuild.googleapis.com [omitted]
[info] +  functions: required API cloudbuild.googleapis.com is enabled 
[debug] [2025-12-15T14:41:52.772Z] <<< [apiv2][status] GET https://serviceusage.googleapis.com/v1/projects/planyvite-18d36/services/artifactregistry.googleapis.com 200
[debug] [2025-12-15T14:41:52.772Z] <<< [apiv2][body] GET https://serviceusage.googleapis.com/v1/projects/planyvite-18d36/services/artifactregistry.googleapis.com [omitted]
[info] +  artifactregistry: required API artifactregistry.googleapis.com is enabled 
[debug] [2025-12-15T14:41:52.773Z] Checked if tokens are valid: true, expires at: 1765813299473
[debug] [2025-12-15T14:41:52.773Z] Checked if tokens are valid: true, expires at: 1765813299473
[debug] [2025-12-15T14:41:52.773Z] >>> [apiv2][query] GET https://firebase.googleapis.com/v1beta1/projects/planyvite-18d36/adminSdkConfig [none]
[debug] [2025-12-15T14:41:53.216Z] <<< [apiv2][status] GET https://firebase.googleapis.com/v1beta1/projects/planyvite-18d36/adminSdkConfig 200
[debug] [2025-12-15T14:41:53.216Z] <<< [apiv2][body] GET https://firebase.googleapis.com/v1beta1/projects/planyvite-18d36/adminSdkConfig {"projectId":"planyvite-18d36","storageBucket":"planyvite-18d36.firebasestorage.app"}
[debug] [2025-12-15T14:41:53.216Z] Checked if tokens are valid: true, expires at: 1765813299473
[debug] [2025-12-15T14:41:53.216Z] Checked if tokens are valid: true, expires at: 1765813299473
[debug] [2025-12-15T14:41:53.217Z] >>> [apiv2][query] GET https://runtimeconfig.googleapis.com/v1beta1/projects/planyvite-18d36/configs [none]
[debug] [2025-12-15T14:41:53.521Z] <<< [apiv2][status] GET https://runtimeconfig.googleapis.com/v1beta1/projects/planyvite-18d36/configs 200
[debug] [2025-12-15T14:41:53.521Z] <<< [apiv2][body] GET https://runtimeconfig.googleapis.com/v1beta1/projects/planyvite-18d36/configs {}
[debug] [2025-12-15T14:41:53.522Z] Validating nodejs source
[warn] !  functions: package.json indicates an outdated version of firebase-functions. Please upgrade using npm install --save firebase-functions@latest in your functions directory. 
[warn] !  functions: Please note that there will be breaking changes when you upgrade. 
[debug] [2025-12-15T14:41:53.937Z] > [functions] package.json contents: {
  "name": "functions",
  "scripts": {
    "lint": "eslint --ext .js,.ts .",
    "build": "tsc",
    "build:watch": "tsc --watch",
    "serve": "npm run build && firebase emulators:start --only functions",
    "dev": "npm run build && firebase emulators:start --inspect-functions --only functions,firestore ",
    "shell": "npm run build && firebase functions:shell",
    "start": "npm run shell",
    "deploy": "firebase deploy --only functions",
    "logs": "firebase functions:log"
  },
  "engines": {
    "node": "22"
  },
  "main": "lib/index.js",
  "dependencies": {
    "firebase-admin": "^12.6.0",
    "firebase-functions": "^6.0.1",
    "resend": "^4.6.0",
    "stripe": "^18.3.0"
  },
  "devDependencies": {
    "@typescript-eslint/eslint-plugin": "^5.12.0",
    "@typescript-eslint/parser": "^5.12.0",
    "eslint": "^8.9.0",
    "eslint-config-google": "^0.14.0",
    "eslint-plugin-import": "^2.25.4",
    "firebase-functions-test": "^3.1.0",
    "typescript": "^5.7.3"
  },
  "private": true
}
[debug] [2025-12-15T14:41:53.937Z] Building nodejs source
[info] i  functions: Loading and analyzing source code for codebase default to determine what to deploy 
[debug] [2025-12-15T14:41:53.938Z] Could not find functions.yaml. Must use http discovery
[debug] [2025-12-15T14:41:53.944Z] Found firebase-functions binary at 'C:\Users\andre\Desktop\CODELAB DEV\CODELAB DEV\EVENTIO\web-app\functions\node_modules\.bin\firebase-functions'
[info] Serving at port 8270

[debug] [2025-12-15T14:41:54.297Z] Got response from /__/functions.yaml {"endpoints":{"updateUserAfterSuccesfulPayment":{"availableMemoryMb":null,"timeoutSeconds":null,"minInstances":null,"maxInstances":null,"ingressSettings":null,"concurrency":null,"serviceAccountEmail":null,"vpc":null,"platform":"gcfv2","labels":{},"eventTrigger":{"eventType":"google.cloud.firestore.document.v1.created","eventFilters":{"database":"(default)","namespace":"(default)"},"eventFilterPathPatterns":{"document":"customers/{userId}/payments/{paymentId}"},"retry":false},"entryPoint":"updateUserAfterSuccesfulPayment"},"handleStripeWebhook":{"availableMemoryMb":null,"timeoutSeconds":null,"minInstances":null,"maxInstances":null,"ingressSettings":null,"concurrency":null,"serviceAccountEmail":null,"vpc":null,"platform":"gcfv2","labels":{},"httpsTrigger":{},"entryPoint":"handleStripeWebhook"}},"specVersion":"v1alpha1","requiredAPIs":[],"extensions":{}}
